
2023/05/18 09:13:20 path: / 

2023/05/18 09:13:20 path: /main.css 

2023/05/18 09:13:20 path: /images_1024/1_Bridge_w_Bunny_1024.jpg 

2023/05/18 09:13:20 path: /images_1024/2_Barn_wideshot_1024.jpg 

2023/05/18 09:13:20 path: /images_1024/3_RainbowPasture1024.jpg 

2023/05/18 09:13:20 path: /favicon.ico 

2023/05/18 09:14:31 path: / 

2023/05/18 09:14:31 path: /main.css 

2023/05/18 09:14:31 path: /images_1024/1_Bridge_w_Bunny_1024.jpg 

2023/05/18 09:14:31 path: /images_1024/2_Barn_wideshot_1024.jpg 

2023/05/18 09:14:31 path: /images_1024/3_RainbowPasture1024.jpg 

2023/05/18 09:23:44 path: / 

2023/05/18 09:23:44 path: /main.css 

2023/05/18 09:23:44 path: /images_1024/1_Bridge_w_Bunny_1024.jpg 

2023/05/18 09:23:44 path: /images_1024/2_Barn_wideshot_1024.jpg 

2023/05/18 09:23:44 path: /images_1024/3_RainbowPasture1024.jpg 

2023/05/18 09:28:48 path: / 

2023/05/18 09:28:48 path: /main.css 

2023/05/18 09:28:48 path: /images_1024/1_Bridge_w_Bunny_1024.jpg 

2023/05/18 09:28:48 path: /images_1024/2_Barn_wideshot_1024.jpg 

2023/05/18 09:28:48 path: /images_1024/3_RainbowPasture1024.jpg 

2023/05/18 09:28:48 path: /favicon.ico 

2023/05/18 09:29:04 path: / 

2023/05/18 09:29:04 path: /main.css 

2023/05/18 09:29:04 path: /images_1024/1_Bridge_w_Bunny_1024.jpg 

2023/05/18 09:29:04 path: /images_1024/2_Barn_wideshot_1024.jpg 

2023/05/18 09:29:04 path: /images_1024/3_RainbowPasture1024.jpg 

2023/05/18 09:29:04 path: /favicon.ico 

2023/05/18 09:29:54 path: / 

2023/05/18 09:29:54 path: /main.css 

2023/05/18 09:29:54 path: /images_1024/1_Bridge_w_Bunny_1024.jpg 

2023/05/18 09:29:54 path: /images_1024/2_Barn_wideshot_1024.jpg 

2023/05/18 09:29:54 path: /images_1024/3_RainbowPasture1024.jpg 

2023/05/18 09:29:54 path: /favicon.ico 

2023/05/18 09:30:45 path: / 

2023/05/18 09:30:45 path: /main.css 

2023/05/18 09:30:45 path: /images_1024/1_Bridge_w_Bunny_1024.jpg 

2023/05/18 09:30:45 path: /images_1024/2_Barn_wideshot_1024.jpg 

2023/05/18 09:30:45 path: /images_1024/3_RainbowPasture1024.jpg 

2023/05/18 09:30:45 path: /favicon.ico 

2023/05/18 09:39:29 path: / 

2023/05/18 09:39:29 path: /main.css 

2023/05/18 09:39:29 path: /images_1024/1_Bridge_w_Bunny_1024.jpg 

2023/05/18 09:39:29 path: /images_1024/2_Barn_wideshot_1024.jpg 

2023/05/18 09:39:29 path: /images_1024/3_RainbowPasture1024.jpg 

2023/05/18 09:39:29 path: /favicon.ico 

2023/05/18 09:39:48 path: / 

2023/05/18 09:39:48 path: /main.css 

2023/05/18 09:39:48 path: /images_1024/1_Bridge_w_Bunny_1024.jpg 

2023/05/18 09:39:48 path: /images_1024/2_Barn_wideshot_1024.jpg 

2023/05/18 09:39:48 path: /images_1024/3_RainbowPasture1024.jpg 

2023/05/18 09:39:48 path: /favicon.ico 

2023/05/18 09:40:17 path: / 

2023/05/18 09:40:17 path: /main.css 

2023/05/18 09:40:17 path: /images_1024/1_Bridge_w_Bunny_1024.jpg 

2023/05/18 09:40:17 path: /images_1024/2_Barn_wideshot_1024.jpg 

2023/05/18 09:40:17 path: /images_1024/3_RainbowPasture1024.jpg 

2023/05/18 09:40:17 path: /favicon.ico 

2023/05/18 09:40:55 path: /images_640/1_Bridge_w_Bunny_web_640.jpg 

2023/05/18 09:40:55 path: /images_640/2_Barn_wideshot_web_640.jpg 

2023/05/18 09:40:55 path: /images_640/3_RainbowPasture640.jpg 

2023/05/18 09:40:55 path: /images_240/1_Bridge_w_Bunny240.jpg 

2023/05/18 09:40:55 path: /images_240/2_Barn_wideshot_web240.jpg 

2023/05/18 09:40:55 path: /images_240/3_RainbowPasture240.jpg 

2023/05/18 09:41:03 path: / 

2023/05/18 09:41:03 path: /main.css 

2023/05/18 09:41:03 path: /images_240/1_Bridge_w_Bunny240.jpg 

2023/05/18 09:41:03 path: /images_240/2_Barn_wideshot_web240.jpg 

2023/05/18 09:41:03 path: /images_240/3_RainbowPasture240.jpg 

2023/05/18 09:41:47 path: / 

2023/05/18 09:41:48 path: /main.css 

2023/05/18 09:41:48 path: /images_240/1_Bridge_w_Bunny240.jpg 

2023/05/18 09:41:48 path: /images_240/3_RainbowPasture240.jpg 

2023/05/18 09:41:48 path: /images_240/2_Barn_wideshot_web240.jpg 

2023/05/18 09:42:29 path: / 

2023/05/18 09:42:29 path: /main.css 

2023/05/18 09:42:29 path: /images_1024/1_Bridge_w_Bunny_1024.jpg 

2023/05/18 09:42:29 path: /images_1024/2_Barn_wideshot_1024.jpg 

2023/05/18 09:42:29 path: /images_1024/3_RainbowPasture1024.jpg 

2023/05/18 09:42:29 path: /favicon.ico 

2023/05/18 09:42:34 path: /images_420/1_Bridge_w_Bunny420.jpg 

2023/05/18 09:42:34 path: /images_420/2_Barn_wideshot_web420_150.jpg 

2023/05/18 09:42:34 path: /images_420/3_RainbowPasture420_150.jpg 

2023/05/18 09:42:34 path: /main.css 

2023/05/18 09:42:34 path: /main.css.map 

2023/05/18 09:46:55 path: / 

2023/05/18 09:46:55 path: /main.css 

2023/05/18 09:46:55 path: /images_420/1_Bridge_w_Bunny420.jpg 

2023/05/18 09:46:55 path: /images_420/2_Barn_wideshot_web420_150.jpg 

2023/05/18 09:46:55 path: /images_420/3_RainbowPasture420_150.jpg 

2023/05/18 09:46:55 path: /main.css.map 

2023/05/18 10:05:14 path: / 

2023/05/18 10:05:14 path: /main.css 

2023/05/18 10:05:14 path: /images_420/1_Bridge_w_Bunny420.jpg 

2023/05/18 10:05:14 path: /images_420/2_Barn_wideshot_web420_150.jpg 

2023/05/18 10:05:14 path: /images_420/3_RainbowPasture420_150.jpg 

2023/05/18 10:05:14 path: /main.css.map 

2023/05/18 10:05:57 path: / 

2023/05/18 10:05:57 path: /main.css 

2023/05/18 10:05:57 path: /images_420/1_Bridge_w_Bunny420.jpg 

2023/05/18 10:05:57 path: /images_420/2_Barn_wideshot_web420_150.jpg 

2023/05/18 10:05:57 path: /images_420/3_RainbowPasture420_150.jpg 

2023/05/18 10:05:58 path: /main.css.map 

2023/05/18 10:06:58 path: / 

2023/05/18 10:06:58 path: /main.css 

2023/05/18 10:06:58 path: /images_420/1_Bridge_w_Bunny420.jpg 

2023/05/18 10:06:58 path: /images_420/2_Barn_wideshot_web420_150.jpg 

2023/05/18 10:06:58 path: /images_420/3_RainbowPasture420_150.jpg 

2023/05/18 10:06:58 path: /main.css.map 

2023/05/18 10:12:01 path: /images_1024/1_Bridge_w_Bunny_1024.jpg 

2023/05/18 10:12:01 path: /images_1024/2_Barn_wideshot_1024.jpg 

2023/05/18 10:12:01 path: /images_1024/3_RainbowPasture1024.jpg 

2023/05/18 10:14:00 path: / 

2023/05/18 10:14:00 path: /main.css 

2023/05/18 10:14:00 path: /images_1024/1_Bridge_w_Bunny_1024.jpg 

2023/05/18 10:14:00 path: /images_1024/2_Barn_wideshot_1024.jpg 

2023/05/18 10:14:00 path: /images_1024/3_RainbowPasture1024.jpg 

2023/05/18 10:15:24 path: / 

2023/05/18 10:15:24 path: /main.css 

2023/05/18 10:15:24 path: /images_1024/1_Bridge_w_Bunny_1024.jpg 

2023/05/18 10:15:24 path: /images_1024/2_Barn_wideshot_1024.jpg 

2023/05/18 10:15:24 path: /images_1024/3_RainbowPasture1024.jpg 

2023/05/18 10:16:42 path: / 

2023/05/18 10:16:42 path: /main.css 

2023/05/18 10:16:42 path: /images_1024/1_Bridge_w_Bunny_1024.jpg 

2023/05/18 10:16:42 path: /images_1024/2_Barn_wideshot_1024.jpg 

2023/05/18 10:16:42 path: /images_1024/3_RainbowPasture1024.jpg 

2023/05/18 10:16:48 path: /images_420/1_Bridge_w_Bunny420.jpg 

2023/05/18 10:16:48 path: /images_420/2_Barn_wideshot_web420_150.jpg 

2023/05/18 10:16:48 path: /images_420/3_RainbowPasture420_150.jpg 

2023/05/18 10:16:48 path: /main.css 

2023/05/18 10:16:48 path: /main.css.map 

2023/05/18 10:16:53 path: / 

2023/05/18 10:16:53 path: /main.css 

2023/05/18 10:16:53 path: /images_420/1_Bridge_w_Bunny420.jpg 

2023/05/18 10:16:53 path: /images_420/2_Barn_wideshot_web420_150.jpg 

2023/05/18 10:16:53 path: /images_420/3_RainbowPasture420_150.jpg 

2023/05/18 10:16:53 path: /main.css.map 

2023/05/18 10:21:21 path: / 

2023/05/18 10:21:21 path: /main.css 

2023/05/18 10:21:21 path: /images_420/1_Bridge_w_Bunny420.jpg 

2023/05/18 10:21:21 path: /images_420/2_Barn_wideshot_web420_150.jpg 

2023/05/18 10:21:21 path: /images_420/3_RainbowPasture420_150.jpg 

2023/05/18 10:21:21 path: /main.css.map 

2023/05/18 11:08:53 path: / 

2023/05/18 11:08:53 path: /main.css 

2023/05/18 11:08:53 path: /images_420/1_Bridge_w_Bunny420.jpg 

2023/05/18 11:08:53 path: /images_420/2_Barn_wideshot_web420_150.jpg 

2023/05/18 11:08:53 path: /images_420/3_RainbowPasture420_150.jpg 

2023/05/18 11:08:53 path: /main.css.map 

2023/05/18 11:13:11 path: / 

2023/05/18 11:13:11 path: /main.css 

2023/05/18 11:13:11 path: /images_420/1_Bridge_w_Bunny420.jpg 

2023/05/18 11:13:11 path: /images_420/2_Barn_wideshot_web420_150.jpg 

2023/05/18 11:13:11 path: /images_420/3_RainbowPasture420_150.jpg 

2023/05/18 11:13:11 path: /main.css.map 
